<?xml version="1.0" encoding="UTF-8"?>
<!-- Generated by org.testng.reporters.JUnitXMLReporter -->
<testsuite ignored="0" hostname="DESKTOP-4LE0BGH" failures="2" tests="2" name="Test" time="25.589" errors="0" timestamp="2023-02-12T12:35:52 PST">
  <testcase classname="pom.ecommerce.testCases.TC_LoginTest_001" name="loginTest" time="1.018">
    <failure type="junit.framework.AssertionFailedError">
      <![CDATA[junit.framework.AssertionFailedError
at junit.framework.Assert.fail(Assert.java:47)
at junit.framework.Assert.assertTrue(Assert.java:20)
at junit.framework.Assert.assertTrue(Assert.java:27)
at pom.ecommerce.testCases.TC_LoginTest_001.loginTest(TC_LoginTest_001.java:30)
at java.base/java.util.ArrayList.forEach(ArrayList.java:1511)
... Removed 27 stack frames]]>
    </failure>
  </testcase> <!-- loginTest -->
  <testcase classname="pom.ecommerce.testCases.TC_LoginDDT_002" name="loginDDT" time="2.763">
    <failure type="org.testng.internal.reflect.MethodMatcherException" message="
[public void pom.ecommerce.testCases.TC_LoginDDT_002.loginDDT(java.lang.String,java.lang.String)] has no parameters defined but was found to be using a data provider (either explicitly specified or inherited from class level annotation).
Data provider mismatch
Method: loginDDT([java.lang.String arg0, java.lang.String arg1])
Arguments: [(java.lang.String) mngr477655,(java.lang.String) pEbAtap,(java.lang.String) ,(java.lang.String) ,(java.lang.String) ]">
      <![CDATA[org.testng.internal.reflect.MethodMatcherException: 
[public void pom.ecommerce.testCases.TC_LoginDDT_002.loginDDT(java.lang.String,java.lang.String)] has no parameters defined but was found to be using a data provider (either explicitly specified or inherited from class level annotation).
Data provider mismatch
Method: loginDDT([java.lang.String arg0, java.lang.String arg1])
Arguments: [(java.lang.String) mngr477655,(java.lang.String) pEbAtap,(java.lang.String) ,(java.lang.String) ,(java.lang.String) ]
at java.base/java.util.ArrayList.forEach(ArrayList.java:1511)
... Removed 22 stack frames]]>
    </failure>
  </testcase> <!-- loginDDT -->
</testsuite> <!-- Test -->
